[2025-05-02 05:03:40] local.ERROR: Call to a member function getPath() on null {"exception":"[object] (Error(code: 0): Call to a member function getPath() on null at /usr/local/var/www/main/edulab-lms/vendor/nwidart/laravel-modules/src/helpers.php:11)
[stacktrace]
#0 /usr/local/var/www/main/edulab-lms/Modules/LMS/app/Providers/FileServiceProvider.php(34): module_path('LMS')
#1 /usr/local/var/www/main/edulab-lms/Modules/LMS/app/Providers/FileServiceProvider.php(16): Modules\\LMS\\Providers\\FileServiceProvider->registerStorage()
#2 /usr/local/var/www/main/edulab-lms/vendor/laravel/framework/src/Illuminate/Container/BoundMethod.php(36): Modules\\LMS\\Providers\\FileServiceProvider->boot()
#3 /usr/local/var/www/main/edulab-lms/vendor/laravel/framework/src/Illuminate/Container/Util.php(43): Illuminate\\Container\\BoundMethod::{closure:Illuminate\\Container\\BoundMethod::call():35}()
#4 /usr/local/var/www/main/edulab-lms/vendor/laravel/framework/src/Illuminate/Container/BoundMethod.php(95): Illuminate\\Container\\Util::unwrapIfClosure(Object(Closure))
#5 /usr/local/var/www/main/edulab-lms/vendor/laravel/framework/src/Illuminate/Container/BoundMethod.php(35): Illuminate\\Container\\BoundMethod::callBoundMethod(Object(Illuminate\\Foundation\\Application), Array, Object(Closure))
#6 /usr/local/var/www/main/edulab-lms/vendor/laravel/framework/src/Illuminate/Container/Container.php(694): Illuminate\\Container\\BoundMethod::call(Object(Illuminate\\Foundation\\Application), Array, Array, NULL)
#7 /usr/local/var/www/main/edulab-lms/vendor/laravel/framework/src/Illuminate/Foundation/Application.php(1121): Illuminate\\Container\\Container->call(Array)
#8 /usr/local/var/www/main/edulab-lms/vendor/laravel/framework/src/Illuminate/Foundation/Application.php(1102): Illuminate\\Foundation\\Application->bootProvider(Object(Modules\\LMS\\Providers\\FileServiceProvider))
#9 [internal function]: Illuminate\\Foundation\\Application->{closure:Illuminate\\Foundation\\Application::boot():1101}(Object(Modules\\LMS\\Providers\\FileServiceProvider), 'Modules\\\\LMS\\\\Pro...')
#10 /usr/local/var/www/main/edulab-lms/vendor/laravel/framework/src/Illuminate/Foundation/Application.php(1101): array_walk(Array, Object(Closure))
#11 /usr/local/var/www/main/edulab-lms/vendor/laravel/framework/src/Illuminate/Foundation/Bootstrap/BootProviders.php(17): Illuminate\\Foundation\\Application->boot()
#12 /usr/local/var/www/main/edulab-lms/vendor/laravel/framework/src/Illuminate/Foundation/Application.php(316): Illuminate\\Foundation\\Bootstrap\\BootProviders->bootstrap(Object(Illuminate\\Foundation\\Application))
#13 /usr/local/var/www/main/edulab-lms/vendor/laravel/framework/src/Illuminate/Foundation/Http/Kernel.php(187): Illuminate\\Foundation\\Application->bootstrapWith(Array)
#14 /usr/local/var/www/main/edulab-lms/vendor/laravel/framework/src/Illuminate/Foundation/Http/Kernel.php(171): Illuminate\\Foundation\\Http\\Kernel->bootstrap()
#15 /usr/local/var/www/main/edulab-lms/vendor/laravel/framework/src/Illuminate/Foundation/Http/Kernel.php(145): Illuminate\\Foundation\\Http\\Kernel->sendRequestThroughRouter(Object(Illuminate\\Http\\Request))
#16 /usr/local/var/www/main/edulab-lms/vendor/laravel/framework/src/Illuminate/Foundation/Application.php(1190): Illuminate\\Foundation\\Http\\Kernel->handle(Object(Illuminate\\Http\\Request))
#17 /usr/local/var/www/main/edulab-lms/public/index.php(17): Illuminate\\Foundation\\Application->handleRequest(Object(Illuminate\\Http\\Request))
#18 {main}
"} 
